<?xml version="1.0" encoding="UTF-8"?>
<!-- Generated by org.testng.reporters.JUnitReportReporter -->
<testsuite hostname="sanjeetpc" name="com.TestNG.OwnReportTestNG" tests="1" failures="0" timestamp="7 Apr 2017 06:12:03 GMT" time="0.016" errors="0">
  <testcase name="f" time="0.016" classname="com.TestNG.OwnReportTestNG"/>
</testsuite> <!-- com.TestNG.OwnReportTestNG -->
