<?xml version="1.0" encoding="UTF-8"?>
<!-- Generated by org.testng.reporters.JUnitReportReporter -->
<testsuite skipped="0" hostname="sanjeet-Lap" name="core.BAlogin_testNG" tests="1" failures="0" timestamp="12 May 2017 10:17:39 GMT" time="0.571" errors="0">
  <testcase name="test" time="0.571" classname="core.BAlogin_testNG"/>
</testsuite> <!-- core.BAlogin_testNG -->
